{
  "RSpec": {
    "coverage": {
      "/Users/Vane/turing/4module/reading_list/app/helpers/application_helper.rb": [
        1,
        null
      ],
      "/Users/Vane/turing/4module/reading_list/app/models/link.rb": [
        1,
        1,
        1,
        null,
        1,
        null,
        1,
        0,
        null,
        null,
        1,
        0,
        null,
        null
      ],
      "/Users/Vane/turing/4module/reading_list/app/models/user.rb": [
        1,
        1,
        1,
        1,
        null
      ],
      "/Users/Vane/turing/4module/reading_list/app/controllers/sessions_controller.rb": [
        1,
        1,
        null,
        null,
        1,
        5,
        5,
        4,
        4,
        null,
        1,
        1,
        null,
        null,
        null,
        1,
        1,
        1,
        null,
        null
      ],
      "/Users/Vane/turing/4module/reading_list/app/controllers/application_controller.rb": [
        1,
        1,
        null,
        1,
        null,
        1,
        39,
        null,
        null
      ],
      "/Users/Vane/turing/4module/reading_list/app/controllers/links_controller.rb": [
        1,
        1,
        8,
        8,
        8,
        null,
        null,
        1,
        2,
        null,
        2,
        2,
        null,
        0,
        null,
        null,
        null,
        1,
        1,
        1,
        1,
        null,
        null,
        1,
        null,
        1,
        2,
        null,
        null,
        1,
        1,
        null,
        null
      ],
      "/Users/Vane/turing/4module/reading_list/app/controllers/users_controller.rb": [
        1,
        1,
        2,
        null,
        null,
        1,
        2,
        2,
        1,
        1,
        null,
        1,
        1,
        null,
        null,
        null,
        1,
        null,
        1,
        2,
        null,
        null
      ],
      "/Users/Vane/turing/4module/reading_list/app/controllers/welcome_controller.rb": [
        1,
        1,
        null,
        null
      ]
    },
    "timestamp": 1443046407
  }
}
